<?xml version="1.0" encoding="UTF-8"?>
<test-data>
    <test-code>
        <description><![CDATA[
super is missing
     ]]></description>
        <expected-problems>2</expected-problems>
        <code><![CDATA[
class BadTestCase extends TestCase {
   protected void setUp() throws Exception {
      prepareSomething();
   }
   protected void tearDown() throws Exception {
      releaseSomething();
   }
}
     ]]></code>
    </test-code>
    <test-code>
        <description><![CDATA[
all is well
     ]]></description>
        <expected-problems>0</expected-problems>
        <code><![CDATA[
class GoodTestCase extends TestCase {
   protected void setUp() throws Exception {
      super.setUp(); 
   }
   protected void tearDown() throws Exception {
      super.tearDown(); 
   }
}
     ]]></code>
    </test-code>
</test-data>


